2022/03/28 16:38:25
AnyDesk
Appinfo
AppXSvc
AtherosSvc


BFE
BrokerInfrastructure
BthAvctpSvc
camsvc
CDPSvc
ClickToRunSvc
CoreMessagingRegistrar
cplspcon
CryptSvc
DcomLaunch
DeviceAssociationService
Dhcp
DiagTrack
DispBrokerDesktopSvc
DisplayEnhancementService
Dnscache
DoSvc
DPS
DsSvc
DusmSvc
esifsvc
EventLog
EventSystem
FontCache
gpsvc
hidserv
igccservice
igfxCUIService2.0.0.0
InstallService
iphlpsvc
jhi_service
KeyIso
LanmanServer
LanmanWorkstation
lfsvc
LicenseManager
lmhosts
LMS
LSM
mpssvc
MySQL80
NcbService
netprofm
NgcSvc
NlaSvc
nsi
PcaSvc
PlugPlay
PolicyAgent
Power
ProfSvc
QcomWlanSrv
RasMan
RmSvc
RpcEptMapper
RpcSs
RtkAudioUniversalService
SamSs
Schedule
SebWindowsServiceWCF
SecurityHealthService
SEMgrSvc
SENS
SgrmBroker
ShellHWDetection
Spooler
SSDPSRV
SstpSvc
StateRepository
stisvc
StorSvc
SysMain
SystemEventsBroker
TabletInputService
TeamViewer
Themes
TimeBrokerSvc
TokenBroker
TrkWks
UserManager
UsoSvc
VaultSvc
VMAuthdService
VMnetDHCP
VMUSBArbService
VMware NAT Service
VMwareHostd
WavesSysSvc
WbioSrvc
Wcmsvc
WdiServiceHost
WdiSystemHost
WdNisSvc
WebClient
WinDefend
WinHttpAutoProxySvc
Winmgmt
WlanSvc
wlidsvc
WMIRegistrationService
WpnService
wscsvc
WSearch
wuauserv
AarSvc_391a524
CaptureService_391a524
cbdhsvc_391a524
CDPUserSvc_391a524
OneSyncSvc_391a524
PimIndexMaintenanceSvc_391a524
UnistoreSvc_391a524
UserDataSvc_391a524
WpnUserService_391a524
2022/03/28 16:38:35
AnyDesk
Appinfo
AppXSvc
AtherosSvc
AudioEndpointBuilder
Audiosrv
BFE
BrokerInfrastructure
BthAvctpSvc
camsvc
CDPSvc
ClickToRunSvc
CoreMessagingRegistrar
cplspcon
CryptSvc
DcomLaunch
DeviceAssociationService
Dhcp
DiagTrack
DispBrokerDesktopSvc
DisplayEnhancementService
Dnscache
DoSvc
DPS
DsSvc
DusmSvc
esifsvc
EventLog
EventSystem
FontCache
gpsvc
hidserv
igccservice
igfxCUIService2.0.0.0
InstallService
iphlpsvc
jhi_service
KeyIso
LanmanServer
LanmanWorkstation
lfsvc
LicenseManager
lmhosts
LMS
LSM
mpssvc
MySQL80
NcbService
netprofm
NgcSvc
NlaSvc
nsi
PcaSvc
PlugPlay
PolicyAgent
Power
ProfSvc
QcomWlanSrv
RasMan
RmSvc
RpcEptMapper
RpcSs
RtkAudioUniversalService
SamSs
Schedule
SebWindowsServiceWCF
SecurityHealthService
SEMgrSvc
SENS
SgrmBroker
ShellHWDetection
Spooler
SSDPSRV
SstpSvc
StateRepository
stisvc
StorSvc
SysMain
SystemEventsBroker
TabletInputService
TeamViewer
Themes
TimeBrokerSvc
TokenBroker
TrkWks
UserManager
UsoSvc
VaultSvc
VMAuthdService
VMnetDHCP
VMUSBArbService
VMware NAT Service
VMwareHostd
WavesSysSvc
WbioSrvc
Wcmsvc
WdiServiceHost
WdiSystemHost
WdNisSvc
WebClient
WinDefend
WinHttpAutoProxySvc
Winmgmt
WlanSvc
wlidsvc
WMIRegistrationService
WpnService
wscsvc
WSearch
wuauserv
AarSvc_391a524
CaptureService_391a524
cbdhsvc_391a524
CDPUserSvc_391a524
OneSyncSvc_391a524
PimIndexMaintenanceSvc_391a524
UnistoreSvc_391a524
UserDataSvc_391a524
WpnUserService_391a524
2022/03/28 16:38:46
AnyDesk
Appinfo
AppXSvc
AtherosSvc
AudioEndpointBuilder
Audiosrv
BFE
BrokerInfrastructure
BthAvctpSvc
camsvc
CDPSvc
ClickToRunSvc
CoreMessagingRegistrar
cplspcon
CryptSvc
DcomLaunch
DeviceAssociationService
Dhcp
DiagTrack
DispBrokerDesktopSvc
DisplayEnhancementService
Dnscache
DoSvc
DPS
DsSvc
DusmSvc
esifsvc
EventLog
EventSystem
FontCache
gpsvc
hidserv
igccservice
igfxCUIService2.0.0.0
InstallService
iphlpsvc
jhi_service
KeyIso
LanmanServer
LanmanWorkstation
lfsvc
LicenseManager
lmhosts
LMS
LSM
mpssvc
MySQL80
NcbService
netprofm
NlaSvc
nsi
PcaSvc
PlugPlay
PolicyAgent
Power
ProfSvc
QcomWlanSrv
RasMan
RmSvc
RpcEptMapper
RpcSs
RtkAudioUniversalService
SamSs
Schedule
SebWindowsServiceWCF
SecurityHealthService
SEMgrSvc
SENS
SgrmBroker
ShellHWDetection
Spooler
SSDPSRV
SstpSvc
StateRepository
stisvc
StorSvc
SysMain
SystemEventsBroker
TabletInputService
TeamViewer
Themes
TimeBrokerSvc
TokenBroker
TrkWks
UserManager
UsoSvc
VaultSvc
VMAuthdService
VMnetDHCP
VMUSBArbService
VMware NAT Service
VMwareHostd
WavesSysSvc
WbioSrvc
Wcmsvc
WdiServiceHost
WdiSystemHost
WdNisSvc
WebClient
WinDefend
WinHttpAutoProxySvc
Winmgmt
WlanSvc
WMIRegistrationService
WpnService
wscsvc
WSearch
wuauserv
AarSvc_391a524
CaptureService_391a524
cbdhsvc_391a524
CDPUserSvc_391a524
OneSyncSvc_391a524
PimIndexMaintenanceSvc_391a524
UnistoreSvc_391a524
UserDataSvc_391a524
WpnUserService_391a524
2022/03/28 16:38:57
AnyDesk
Appinfo
AppXSvc
AtherosSvc
AudioEndpointBuilder
Audiosrv
BFE
BrokerInfrastructure
BthAvctpSvc
camsvc
CDPSvc
ClickToRunSvc
CoreMessagingRegistrar
cplspcon
CryptSvc
DcomLaunch
DeviceAssociationService
Dhcp
DiagTrack
DispBrokerDesktopSvc
DisplayEnhancementService
Dnscache
DoSvc
DPS
DsSvc
DusmSvc
esifsvc
EventLog
EventSystem
FontCache
gpsvc
hidserv
igccservice
igfxCUIService2.0.0.0
InstallService
iphlpsvc
jhi_service
KeyIso
LanmanServer
LanmanWorkstation
lfsvc
LicenseManager
lmhosts
LMS
LSM
mpssvc
MySQL80
NcbService
netprofm
NlaSvc
nsi
PcaSvc
PlugPlay
PolicyAgent
Power
ProfSvc
QcomWlanSrv
RasMan
RmSvc
RpcEptMapper
RpcSs
RtkAudioUniversalService
SamSs
Schedule
SebWindowsServiceWCF
SecurityHealthService
SEMgrSvc
SENS
SgrmBroker
ShellHWDetection
Spooler
SSDPSRV
SstpSvc
StateRepository
stisvc
StorSvc
SysMain
SystemEventsBroker
TabletInputService
TeamViewer
Themes
TimeBrokerSvc
TokenBroker
TrkWks
UserManager
UsoSvc
VaultSvc
VMAuthdService
VMnetDHCP
VMUSBArbService
VMware NAT Service
VMwareHostd
WavesSysSvc
WbioSrvc
Wcmsvc
WdiServiceHost
WdiSystemHost
WdNisSvc
WebClient
WinDefend
WinHttpAutoProxySvc
Winmgmt
WlanSvc
WMIRegistrationService
WpnService
wscsvc
WSearch
wuauserv
AarSvc_391a524
CaptureService_391a524
cbdhsvc_391a524
CDPUserSvc_391a524
OneSyncSvc_391a524
PimIndexMaintenanceSvc_391a524
UnistoreSvc_391a524
UserDataSvc_391a524
WpnUserService_391a524
2022/03/28 16:39:08
AnyDesk
Appinfo
AppXSvc
AtherosSvc
AudioEndpointBuilder
Audiosrv
BFE
BrokerInfrastructure
BthAvctpSvc
camsvc
CDPSvc
ClickToRunSvc
CoreMessagingRegistrar
cplspcon
CryptSvc
DcomLaunch
DeviceAssociationService
Dhcp
DiagTrack
DispBrokerDesktopSvc
DisplayEnhancementService
Dnscache
DoSvc
DPS
DsSvc
DusmSvc
esifsvc
EventLog
EventSystem
FontCache
gpsvc
hidserv
igccservice
igfxCUIService2.0.0.0
InstallService
iphlpsvc
jhi_service
KeyIso
LanmanServer
LanmanWorkstation
lfsvc
LicenseManager
lmhosts
LMS
LSM
mpssvc
MySQL80
NcbService
netprofm
NlaSvc
nsi
PcaSvc
PlugPlay
PolicyAgent
Power
ProfSvc
QcomWlanSrv
RasMan
RmSvc
RpcEptMapper
RpcSs
RtkAudioUniversalService
SamSs
Schedule
SebWindowsServiceWCF
SecurityHealthService
SEMgrSvc
SENS
SgrmBroker
ShellHWDetection
Spooler
SSDPSRV
SstpSvc
StateRepository
stisvc
StorSvc
SysMain
SystemEventsBroker
TabletInputService
TeamViewer
Themes
TimeBrokerSvc
TokenBroker
TrkWks
UserManager
UsoSvc
VaultSvc
VMAuthdService
VMnetDHCP
VMUSBArbService
VMware NAT Service
VMwareHostd
WavesSysSvc
WbioSrvc
Wcmsvc
WdiServiceHost
WdiSystemHost
WdNisSvc
WebClient
WinDefend
WinHttpAutoProxySvc
Winmgmt
WlanSvc
WMIRegistrationService
WpnService
wscsvc
WSearch
wuauserv
AarSvc_391a524
CaptureService_391a524
cbdhsvc_391a524
CDPUserSvc_391a524
OneSyncSvc_391a524
PimIndexMaintenanceSvc_391a524
UnistoreSvc_391a524
UserDataSvc_391a524
WpnUserService_391a524
2022/03/28 16:39:19
AnyDesk
Appinfo
AppXSvc
AtherosSvc
AudioEndpointBuilder
Audiosrv
BFE
BrokerInfrastructure
BthAvctpSvc
camsvc
CDPSvc
ClickToRunSvc
CoreMessagingRegistrar
cplspcon
CryptSvc
DcomLaunch
DeviceAssociationService
Dhcp
DiagTrack
DispBrokerDesktopSvc
DisplayEnhancementService
Dnscache
DoSvc
DPS
DsSvc
DusmSvc
esifsvc
EventLog
EventSystem
FontCache
gpsvc
hidserv
igccservice
igfxCUIService2.0.0.0
InstallService
iphlpsvc
jhi_service
KeyIso
LanmanServer
LanmanWorkstation
lfsvc
LicenseManager
lmhosts
LMS
LSM
mpssvc
MySQL80
NcbService
netprofm
NlaSvc
nsi
PcaSvc
PlugPlay
PolicyAgent
Power
ProfSvc
QcomWlanSrv
RasMan
RmSvc
RpcEptMapper
RpcSs
RtkAudioUniversalService
SamSs
Schedule
SebWindowsServiceWCF
SecurityHealthService
SEMgrSvc
SENS
SgrmBroker
ShellHWDetection
Spooler
SSDPSRV
SstpSvc
StateRepository
stisvc
StorSvc
SysMain
SystemEventsBroker
TabletInputService
TeamViewer
Themes
TimeBrokerSvc
TokenBroker
TrkWks
UserManager
UsoSvc
VaultSvc
VMAuthdService
VMnetDHCP
VMUSBArbService
VMware NAT Service
VMwareHostd
WavesSysSvc
WbioSrvc
Wcmsvc
WdiServiceHost
WdiSystemHost
WdNisSvc
WebClient
WinDefend
WinHttpAutoProxySvc
Winmgmt
WlanSvc
WMIRegistrationService
WpnService
wscsvc
WSearch
wuauserv
AarSvc_391a524
CaptureService_391a524
cbdhsvc_391a524
CDPUserSvc_391a524
OneSyncSvc_391a524
PimIndexMaintenanceSvc_391a524
UnistoreSvc_391a524
UserDataSvc_391a524
WpnUserService_391a524
2022/03/28 16:39:30
AnyDesk
Appinfo
AppXSvc
AtherosSvc
AudioEndpointBuilder
Audiosrv
BFE
BrokerInfrastructure
BthAvctpSvc
camsvc
CDPSvc
ClickToRunSvc
CoreMessagingRegistrar
cplspcon
CryptSvc
DcomLaunch
DeviceAssociationService
Dhcp
DiagTrack
DispBrokerDesktopSvc
DisplayEnhancementService
Dnscache
DoSvc
DPS
DsSvc
DusmSvc
esifsvc
EventLog
EventSystem
FontCache
gpsvc
hidserv
igccservice
igfxCUIService2.0.0.0
InstallService
iphlpsvc
jhi_service
KeyIso
LanmanServer
LanmanWorkstation
lfsvc
LicenseManager
lmhosts
LMS
LSM
mpssvc
MySQL80
NcbService
netprofm
NlaSvc
nsi
PcaSvc
PlugPlay
PolicyAgent
Power
ProfSvc
QcomWlanSrv
RasMan
RmSvc
RpcEptMapper
RpcSs
RtkAudioUniversalService
SamSs
Schedule
SebWindowsServiceWCF
SecurityHealthService
SEMgrSvc
SENS
SgrmBroker
ShellHWDetection
Spooler
SSDPSRV
SstpSvc
StateRepository
stisvc
StorSvc
SysMain
SystemEventsBroker
TabletInputService
TeamViewer
Themes
TimeBrokerSvc
TokenBroker
TrkWks
UserManager
UsoSvc
VaultSvc
VMAuthdService
VMnetDHCP
VMUSBArbService
VMware NAT Service
VMwareHostd
WavesSysSvc
WbioSrvc
Wcmsvc
WdiServiceHost
WdiSystemHost
WdNisSvc
WebClient
WinDefend
WinHttpAutoProxySvc
Winmgmt
WlanSvc
WMIRegistrationService
WpnService
wscsvc
WSearch
wuauserv
AarSvc_391a524
CaptureService_391a524
cbdhsvc_391a524
CDPUserSvc_391a524
OneSyncSvc_391a524
PimIndexMaintenanceSvc_391a524
UnistoreSvc_391a524
UserDataSvc_391a524
WpnUserService_391a524
2022/03/28 16:39:41
AnyDesk
Appinfo
AppXSvc
AtherosSvc
AudioEndpointBuilder
Audiosrv
BFE
BrokerInfrastructure
BthAvctpSvc
camsvc
CDPSvc
ClickToRunSvc
CoreMessagingRegistrar
cplspcon
CryptSvc
DcomLaunch
DeviceAssociationService
Dhcp
DiagTrack
DispBrokerDesktopSvc
DisplayEnhancementService
Dnscache
DoSvc
DPS
DsSvc
DusmSvc
esifsvc
EventLog
EventSystem
FontCache
gpsvc
hidserv
igccservice
igfxCUIService2.0.0.0
InstallService
iphlpsvc
jhi_service
KeyIso
LanmanServer
LanmanWorkstation
lfsvc
LicenseManager
lmhosts
LMS
LSM
mpssvc
MySQL80
NcbService
netprofm
NlaSvc
nsi
PcaSvc
PlugPlay
PolicyAgent
Power
ProfSvc
QcomWlanSrv
RasMan
RmSvc
RpcEptMapper
RpcSs
RtkAudioUniversalService
SamSs
Schedule
SebWindowsServiceWCF
SecurityHealthService
SEMgrSvc
SENS
SgrmBroker
ShellHWDetection
Spooler
SSDPSRV
SstpSvc
StateRepository
stisvc
StorSvc
SysMain
SystemEventsBroker
TabletInputService
TeamViewer
Themes
TimeBrokerSvc
TokenBroker
TrkWks
UserManager
UsoSvc
VaultSvc
VMAuthdService
VMnetDHCP
VMUSBArbService
VMware NAT Service
VMwareHostd
WavesSysSvc
WbioSrvc
Wcmsvc
WdiServiceHost
WdiSystemHost
WdNisSvc
WebClient
WinDefend
WinHttpAutoProxySvc
Winmgmt
WlanSvc
WMIRegistrationService
WpnService
wscsvc
WSearch
wuauserv
AarSvc_391a524
CaptureService_391a524
cbdhsvc_391a524
CDPUserSvc_391a524
OneSyncSvc_391a524
PimIndexMaintenanceSvc_391a524
UnistoreSvc_391a524
UserDataSvc_391a524
WpnUserService_391a524
2022/03/28 16:39:52
AnyDesk
Appinfo
AppXSvc
AtherosSvc
AudioEndpointBuilder
Audiosrv
BFE
BrokerInfrastructure
BthAvctpSvc
camsvc
CDPSvc
ClickToRunSvc
CoreMessagingRegistrar
cplspcon
CryptSvc
DcomLaunch
DeviceAssociationService
Dhcp
DiagTrack
DispBrokerDesktopSvc
DisplayEnhancementService
Dnscache
DoSvc
DPS
DsSvc
DusmSvc
esifsvc
EventLog
EventSystem
FontCache
gpsvc
hidserv
igccservice
igfxCUIService2.0.0.0
InstallService
iphlpsvc
jhi_service
KeyIso
LanmanServer
LanmanWorkstation
lfsvc
LicenseManager
lmhosts
LMS
LSM
mpssvc
MySQL80
NcbService
netprofm
NlaSvc
nsi
PcaSvc
PlugPlay
PolicyAgent
Power
ProfSvc
QcomWlanSrv
RasMan
RmSvc
RpcEptMapper
RpcSs
RtkAudioUniversalService
SamSs
Schedule
SebWindowsServiceWCF
SecurityHealthService
SEMgrSvc
SENS
SgrmBroker
ShellHWDetection
Spooler
SSDPSRV
SstpSvc
StateRepository
stisvc
StorSvc
SysMain
SystemEventsBroker
TabletInputService
TeamViewer
Themes
TimeBrokerSvc
TokenBroker
TrkWks
UserManager
UsoSvc
VaultSvc
VMAuthdService
VMnetDHCP
VMUSBArbService
VMware NAT Service
VMwareHostd
WavesSysSvc
WbioSrvc
Wcmsvc
WdiServiceHost
WdiSystemHost
WdNisSvc
WebClient
WinDefend
WinHttpAutoProxySvc
Winmgmt
WlanSvc
WMIRegistrationService
WpnService
wscsvc
WSearch
wuauserv
AarSvc_391a524
CaptureService_391a524
cbdhsvc_391a524
CDPUserSvc_391a524
OneSyncSvc_391a524
PimIndexMaintenanceSvc_391a524
UnistoreSvc_391a524
UserDataSvc_391a524
WpnUserService_391a524
2022/03/28 16:40:02
AnyDesk
Appinfo
AppXSvc
AtherosSvc
AudioEndpointBuilder
Audiosrv
BFE
BrokerInfrastructure
BthAvctpSvc
camsvc
CDPSvc
ClickToRunSvc
CoreMessagingRegistrar
cplspcon
CryptSvc
DcomLaunch
DeviceAssociationService
Dhcp
DiagTrack
DispBrokerDesktopSvc
DisplayEnhancementService
Dnscache
DoSvc
DPS
DsSvc
DusmSvc
esifsvc
EventLog
EventSystem
FontCache
gpsvc
hidserv
igccservice
igfxCUIService2.0.0.0
InstallService
iphlpsvc
jhi_service
KeyIso
LanmanServer
LanmanWorkstation
lfsvc
LicenseManager
lmhosts
LMS
LSM
mpssvc
MySQL80
NcbService
netprofm
NlaSvc
nsi
PcaSvc
PlugPlay
PolicyAgent
Power
ProfSvc
QcomWlanSrv
RasMan
RmSvc
RpcEptMapper
RpcSs
RtkAudioUniversalService
SamSs
Schedule
SebWindowsServiceWCF
SecurityHealthService
SEMgrSvc
SENS
SgrmBroker
ShellHWDetection
Spooler
SSDPSRV
SstpSvc
StateRepository
stisvc
StorSvc
SysMain
SystemEventsBroker
TabletInputService
TeamViewer
Themes
TimeBrokerSvc
TokenBroker
TrkWks
UserManager
UsoSvc
VaultSvc
VMAuthdService
VMnetDHCP
VMUSBArbService
VMware NAT Service
VMwareHostd
WavesSysSvc
WbioSrvc
Wcmsvc
WdiServiceHost
WdiSystemHost
WdNisSvc
WebClient
WinDefend
WinHttpAutoProxySvc
Winmgmt
WlanSvc
WMIRegistrationService
WpnService
wscsvc
WSearch
wuauserv
AarSvc_391a524
BcastDVRUserService_391a524
CaptureService_391a524
cbdhsvc_391a524
CDPUserSvc_391a524
OneSyncSvc_391a524
PimIndexMaintenanceSvc_391a524
UnistoreSvc_391a524
UserDataSvc_391a524
WpnUserService_391a524
2022/03/28 16:40:13
AnyDesk
Appinfo
AppXSvc
AtherosSvc
AudioEndpointBuilder
Audiosrv
BFE
BrokerInfrastructure
BthAvctpSvc
camsvc
CDPSvc
ClickToRunSvc
CoreMessagingRegistrar
cplspcon
CryptSvc
DcomLaunch
DeviceAssociationService
Dhcp
DiagTrack
DispBrokerDesktopSvc
DisplayEnhancementService
Dnscache
DoSvc
DPS
DsSvc
DusmSvc
esifsvc
EventLog
EventSystem
FontCache
gpsvc
hidserv
igccservice
igfxCUIService2.0.0.0
InstallService
iphlpsvc
jhi_service
KeyIso
LanmanServer
LanmanWorkstation
lfsvc
LicenseManager
lmhosts
LMS
LSM
mpssvc
MySQL80
NcbService
netprofm
NlaSvc
nsi
PcaSvc
PlugPlay
PolicyAgent
Power
ProfSvc
QcomWlanSrv
RasMan
RmSvc
RpcEptMapper
RpcSs
RtkAudioUniversalService
SamSs
Schedule
SebWindowsServiceWCF
SecurityHealthService
SEMgrSvc
SENS
SgrmBroker
ShellHWDetection
Spooler
SSDPSRV
SstpSvc
StateRepository
stisvc
StorSvc
SysMain
SystemEventsBroker
TabletInputService
TeamViewer
Themes
TimeBrokerSvc
TokenBroker
TrkWks
UserManager
UsoSvc
VaultSvc
VMAuthdService
VMnetDHCP
VMUSBArbService
VMware NAT Service
VMwareHostd
WavesSysSvc
WbioSrvc
Wcmsvc
WdiServiceHost
WdiSystemHost
WdNisSvc
WebClient
WinDefend
WinHttpAutoProxySvc
Winmgmt
WlanSvc
WMIRegistrationService
WpnService
wscsvc
WSearch
wuauserv
AarSvc_391a524
CaptureService_391a524
cbdhsvc_391a524
CDPUserSvc_391a524
OneSyncSvc_391a524
PimIndexMaintenanceSvc_391a524
UnistoreSvc_391a524
UserDataSvc_391a524
WpnUserService_391a524
2022/03/28 16:40:24
AnyDesk
Appinfo
AppXSvc
AtherosSvc
AudioEndpointBuilder
Audiosrv
BFE
BrokerInfrastructure
BthAvctpSvc
camsvc
CDPSvc
ClickToRunSvc
CoreMessagingRegistrar
cplspcon
CryptSvc
DcomLaunch
DeviceAssociationService
Dhcp
DiagTrack
DispBrokerDesktopSvc
DisplayEnhancementService
Dnscache
DoSvc
DPS
DsSvc
DusmSvc
esifsvc
EventLog
EventSystem
FontCache
gpsvc
hidserv
igccservice
igfxCUIService2.0.0.0
InstallService
iphlpsvc
jhi_service
KeyIso
LanmanServer
LanmanWorkstation
lfsvc
LicenseManager
lmhosts
LMS
LSM
mpssvc
MySQL80
NcbService
netprofm
NlaSvc
nsi
PcaSvc
PlugPlay
PolicyAgent
Power
ProfSvc
QcomWlanSrv
RasMan
RmSvc
RpcEptMapper
RpcSs
RtkAudioUniversalService
SamSs
Schedule
SebWindowsServiceWCF
SecurityHealthService
SEMgrSvc
SENS
SgrmBroker
ShellHWDetection
Spooler
SSDPSRV
SstpSvc
StateRepository
stisvc
StorSvc
SysMain
SystemEventsBroker
TabletInputService
TeamViewer
Themes
TimeBrokerSvc
TokenBroker
TrkWks
UserManager
UsoSvc
VaultSvc
VMAuthdService
VMnetDHCP
VMUSBArbService
VMware NAT Service
VMwareHostd
WavesSysSvc
WbioSrvc
Wcmsvc
WdiServiceHost
WdiSystemHost
WdNisSvc
WebClient
WinDefend
WinHttpAutoProxySvc
Winmgmt
WlanSvc
WMIRegistrationService
WpnService
wscsvc
WSearch
wuauserv
AarSvc_391a524
CaptureService_391a524
cbdhsvc_391a524
CDPUserSvc_391a524
OneSyncSvc_391a524
PimIndexMaintenanceSvc_391a524
UnistoreSvc_391a524
UserDataSvc_391a524
WpnUserService_391a524
2022/03/28 16:40:35
AnyDesk
Appinfo
AppXSvc
AtherosSvc
AudioEndpointBuilder
Audiosrv
BFE
BrokerInfrastructure
BthAvctpSvc
camsvc
CDPSvc
ClickToRunSvc
CoreMessagingRegistrar
cplspcon
CryptSvc
DcomLaunch
DeviceAssociationService
Dhcp
DiagTrack
DispBrokerDesktopSvc
DisplayEnhancementService
Dnscache
DoSvc
DPS
DsSvc
DusmSvc
esifsvc
EventLog
EventSystem
FontCache
gpsvc
hidserv
igccservice
igfxCUIService2.0.0.0
InstallService
iphlpsvc
jhi_service
KeyIso
LanmanServer
LanmanWorkstation
lfsvc
LicenseManager
lmhosts
LMS
LSM
mpssvc
MySQL80
NcbService
netprofm
NlaSvc
nsi
PcaSvc
PlugPlay
PolicyAgent
Power
ProfSvc
QcomWlanSrv
RasMan
RmSvc
RpcEptMapper
RpcSs
RtkAudioUniversalService
SamSs
Schedule
SebWindowsServiceWCF
SecurityHealthService
SEMgrSvc
SENS
SgrmBroker
ShellHWDetection
Spooler
SSDPSRV
SstpSvc
StateRepository
stisvc
StorSvc
SysMain
SystemEventsBroker
TabletInputService
TeamViewer
Themes
TimeBrokerSvc
TokenBroker
TrkWks
UserManager
UsoSvc
VaultSvc
VMAuthdService
VMnetDHCP
VMUSBArbService
VMware NAT Service
VMwareHostd
WavesSysSvc
WbioSrvc
Wcmsvc
WdiServiceHost
WdiSystemHost
WdNisSvc
WebClient
WinDefend
WinHttpAutoProxySvc
Winmgmt
WlanSvc
WMIRegistrationService
WpnService
wscsvc
WSearch
wuauserv
AarSvc_391a524
CaptureService_391a524
cbdhsvc_391a524
CDPUserSvc_391a524
OneSyncSvc_391a524
PimIndexMaintenanceSvc_391a524
UnistoreSvc_391a524
UserDataSvc_391a524
WpnUserService_391a524
2022/03/28 16:40:46
AnyDesk
Appinfo
AppXSvc
AtherosSvc
AudioEndpointBuilder
Audiosrv
BFE
BrokerInfrastructure
BthAvctpSvc
camsvc
CDPSvc
ClickToRunSvc
CoreMessagingRegistrar
cplspcon
CryptSvc
DcomLaunch
DeviceAssociationService
Dhcp
DiagTrack
DispBrokerDesktopSvc
DisplayEnhancementService
Dnscache
DoSvc
DPS
DsSvc
DusmSvc
esifsvc
EventLog
EventSystem
FontCache
gpsvc
hidserv
igccservice
igfxCUIService2.0.0.0
InstallService
iphlpsvc
jhi_service
KeyIso
LanmanServer
LanmanWorkstation
lfsvc
LicenseManager
lmhosts
LMS
LSM
mpssvc
MySQL80
NcbService
netprofm
NlaSvc
nsi
PcaSvc
PlugPlay
PolicyAgent
Power
ProfSvc
QcomWlanSrv
RasMan
RmSvc
RpcEptMapper
RpcSs
RtkAudioUniversalService
SamSs
Schedule
SebWindowsServiceWCF
SecurityHealthService
SEMgrSvc
SENS
SgrmBroker
ShellHWDetection
Spooler
SSDPSRV
SstpSvc
StateRepository
stisvc
StorSvc
SysMain
SystemEventsBroker
TabletInputService
TeamViewer
Themes
TimeBrokerSvc
TokenBroker
TrkWks
UserManager
UsoSvc
VaultSvc
VMAuthdService
VMnetDHCP
VMUSBArbService
VMware NAT Service
VMwareHostd
WavesSysSvc
WbioSrvc
Wcmsvc
WdiServiceHost
WdiSystemHost
WdNisSvc
WebClient
WinDefend
WinHttpAutoProxySvc
Winmgmt
WlanSvc
WMIRegistrationService
WpnService
wscsvc
WSearch
wuauserv
AarSvc_391a524
CaptureService_391a524
cbdhsvc_391a524
CDPUserSvc_391a524
OneSyncSvc_391a524
PimIndexMaintenanceSvc_391a524
UnistoreSvc_391a524
UserDataSvc_391a524
WpnUserService_391a524
2022/03/28 16:40:57
AnyDesk
Appinfo
AppXSvc
AtherosSvc
AudioEndpointBuilder
Audiosrv
BFE
BrokerInfrastructure
BthAvctpSvc
camsvc
CDPSvc
ClickToRunSvc
CoreMessagingRegistrar
cplspcon
CryptSvc
DcomLaunch
DeviceAssociationService
Dhcp
DiagTrack
DispBrokerDesktopSvc
DisplayEnhancementService
Dnscache
DoSvc
DPS
DsSvc
DusmSvc
esifsvc
EventLog
EventSystem
FontCache
gpsvc
hidserv
igccservice
igfxCUIService2.0.0.0
InstallService
iphlpsvc
jhi_service
KeyIso
LanmanServer
LanmanWorkstation
lfsvc
LicenseManager
lmhosts
LMS
LSM
mpssvc
MySQL80
NcbService
netprofm
NlaSvc
nsi
PcaSvc
PlugPlay
PolicyAgent
Power
ProfSvc
QcomWlanSrv
RasMan
RmSvc
RpcEptMapper
RpcSs
RtkAudioUniversalService
SamSs
Schedule
SebWindowsServiceWCF
SecurityHealthService
SEMgrSvc
SENS
SgrmBroker
ShellHWDetection
Spooler
SSDPSRV
SstpSvc
StateRepository
stisvc
StorSvc
SysMain
SystemEventsBroker
TabletInputService
TeamViewer
Themes
TimeBrokerSvc
TokenBroker
TrkWks
UserManager
UsoSvc
VaultSvc
VMAuthdService
VMnetDHCP
VMUSBArbService
VMware NAT Service
VMwareHostd
WavesSysSvc
WbioSrvc
Wcmsvc
WdiServiceHost
WdiSystemHost
WdNisSvc
WebClient
WinDefend
WinHttpAutoProxySvc
Winmgmt
WlanSvc
WMIRegistrationService
WpnService
wscsvc
WSearch
wuauserv
AarSvc_391a524
CaptureService_391a524
cbdhsvc_391a524
CDPUserSvc_391a524
OneSyncSvc_391a524
PimIndexMaintenanceSvc_391a524
UnistoreSvc_391a524
UserDataSvc_391a524
WpnUserService_391a524
2022/03/28 16:41:08
AnyDesk
Appinfo
AppXSvc
AtherosSvc
AudioEndpointBuilder
Audiosrv
BFE
BrokerInfrastructure
BthAvctpSvc
camsvc
CDPSvc
ClickToRunSvc
CoreMessagingRegistrar
cplspcon
CryptSvc
DcomLaunch
DeviceAssociationService
Dhcp
DiagTrack
DispBrokerDesktopSvc
DisplayEnhancementService
Dnscache
DoSvc
DPS
DsSvc
DusmSvc
esifsvc
EventLog
EventSystem
FontCache
gpsvc
hidserv
igccservice
igfxCUIService2.0.0.0
InstallService
iphlpsvc
jhi_service
KeyIso
LanmanServer
LanmanWorkstation
lfsvc
LicenseManager
lmhosts
LMS
LSM
mpssvc
MySQL80
NcbService
netprofm
NlaSvc
nsi
PcaSvc
PlugPlay
PolicyAgent
Power
ProfSvc
QcomWlanSrv
RasMan
RmSvc
RpcEptMapper
RpcSs
RtkAudioUniversalService
SamSs
Schedule
SebWindowsServiceWCF
SecurityHealthService
SEMgrSvc
SENS
SgrmBroker
ShellHWDetection
Spooler
SSDPSRV
SstpSvc
StateRepository
stisvc
StorSvc
SysMain
SystemEventsBroker
TabletInputService
TeamViewer
Themes
TimeBrokerSvc
TokenBroker
TrkWks
UserManager
UsoSvc
VaultSvc
VMAuthdService
VMnetDHCP
VMUSBArbService
VMware NAT Service
VMwareHostd
WavesSysSvc
WbioSrvc
Wcmsvc
WdiServiceHost
WdiSystemHost
WdNisSvc
WebClient
WinDefend
WinHttpAutoProxySvc
Winmgmt
WlanSvc
WMIRegistrationService
WpnService
wscsvc
WSearch
wuauserv
AarSvc_391a524
CaptureService_391a524
cbdhsvc_391a524
CDPUserSvc_391a524
OneSyncSvc_391a524
PimIndexMaintenanceSvc_391a524
UnistoreSvc_391a524
UserDataSvc_391a524
WpnUserService_391a524
2022/03/28 16:41:18
AnyDesk
Appinfo
AppXSvc
AtherosSvc
AudioEndpointBuilder
Audiosrv
BFE
BrokerInfrastructure
BthAvctpSvc
camsvc
CDPSvc
ClickToRunSvc
CoreMessagingRegistrar
cplspcon
CryptSvc
DcomLaunch
DeviceAssociationService
Dhcp
DiagTrack
DispBrokerDesktopSvc
DisplayEnhancementService
Dnscache
DoSvc
DPS
DsSvc
DusmSvc
esifsvc
EventLog
EventSystem
FontCache
gpsvc
hidserv
igccservice
igfxCUIService2.0.0.0
InstallService
iphlpsvc
jhi_service
KeyIso
LanmanServer
LanmanWorkstation
lfsvc
LicenseManager
lmhosts
LMS
LSM
mpssvc
MySQL80
NcbService
netprofm
NlaSvc
nsi
PcaSvc
PlugPlay
PolicyAgent
Power
ProfSvc
QcomWlanSrv
RasMan
RmSvc
RpcEptMapper
RpcSs
RtkAudioUniversalService
SamSs
Schedule
SebWindowsServiceWCF
SecurityHealthService
SEMgrSvc
SENS
SgrmBroker
ShellHWDetection
Spooler
SSDPSRV
SstpSvc
StateRepository
stisvc
StorSvc
SysMain
SystemEventsBroker
TabletInputService
TeamViewer
Themes
TimeBrokerSvc
TokenBroker
TrkWks
UserManager
UsoSvc
VaultSvc
VMAuthdService
VMnetDHCP
VMUSBArbService
VMware NAT Service
VMwareHostd
WavesSysSvc
WbioSrvc
Wcmsvc
WdiServiceHost
WdiSystemHost
WdNisSvc
WebClient
WinDefend
WinHttpAutoProxySvc
Winmgmt
WlanSvc
WMIRegistrationService
WpnService
wscsvc
WSearch
wuauserv
AarSvc_391a524
CaptureService_391a524
cbdhsvc_391a524
CDPUserSvc_391a524
OneSyncSvc_391a524
PimIndexMaintenanceSvc_391a524
UnistoreSvc_391a524
UserDataSvc_391a524
WpnUserService_391a524
2022/03/28 16:41:29
AnyDesk
Appinfo
AppXSvc
AtherosSvc
AudioEndpointBuilder
Audiosrv
BFE
BrokerInfrastructure
BthAvctpSvc
camsvc
CDPSvc
ClickToRunSvc
CoreMessagingRegistrar
cplspcon
CryptSvc
DcomLaunch
DeviceAssociationService
Dhcp
DiagTrack
DispBrokerDesktopSvc
DisplayEnhancementService
Dnscache
DoSvc
DPS
DsSvc
DusmSvc
esifsvc
EventLog
EventSystem
FontCache
gpsvc
hidserv
igccservice
igfxCUIService2.0.0.0
InstallService
iphlpsvc
jhi_service
KeyIso
LanmanServer
LanmanWorkstation
lfsvc
LicenseManager
lmhosts
LMS
LSM
mpssvc
MySQL80
NcbService
netprofm
NlaSvc
nsi
PcaSvc
PlugPlay
PolicyAgent
Power
ProfSvc
QcomWlanSrv
RasMan
RmSvc
RpcEptMapper
RpcSs
RtkAudioUniversalService
SamSs
Schedule
SebWindowsServiceWCF
SecurityHealthService
SEMgrSvc
SENS
SgrmBroker
ShellHWDetection
Spooler
SSDPSRV
SstpSvc
StateRepository
stisvc
StorSvc
SysMain
SystemEventsBroker
TabletInputService
TeamViewer
Themes
TimeBrokerSvc
TokenBroker
TrkWks
UserManager
UsoSvc
VaultSvc
VMAuthdService
VMnetDHCP
VMUSBArbService
VMware NAT Service
VMwareHostd
WavesSysSvc
WbioSrvc
Wcmsvc
WdiServiceHost
WdiSystemHost
WdNisSvc
WebClient
WinDefend
WinHttpAutoProxySvc
Winmgmt
WlanSvc
WMIRegistrationService
WpnService
wscsvc
WSearch
wuauserv
AarSvc_391a524
CaptureService_391a524
cbdhsvc_391a524
CDPUserSvc_391a524
OneSyncSvc_391a524
PimIndexMaintenanceSvc_391a524
UnistoreSvc_391a524
UserDataSvc_391a524
WpnUserService_391a524
2022/03/28 16:41:40
AnyDesk
Appinfo
AppXSvc
AtherosSvc
AudioEndpointBuilder
Audiosrv
BFE
BrokerInfrastructure
BthAvctpSvc
camsvc
CDPSvc
ClickToRunSvc
CoreMessagingRegistrar
cplspcon
CryptSvc
DcomLaunch
DeviceAssociationService
Dhcp
DiagTrack
DispBrokerDesktopSvc
DisplayEnhancementService
Dnscache
DoSvc
DPS
DsSvc
DusmSvc
esifsvc
EventLog
EventSystem
FontCache
gpsvc
hidserv
igccservice
igfxCUIService2.0.0.0
InstallService
iphlpsvc
jhi_service
KeyIso
LanmanServer
LanmanWorkstation
lfsvc
LicenseManager
lmhosts
LMS
LSM
mpssvc
MySQL80
NcbService
netprofm
NlaSvc
nsi
PcaSvc
PlugPlay
PolicyAgent
Power
ProfSvc
QcomWlanSrv
RasMan
RmSvc
RpcEptMapper
RpcSs
RtkAudioUniversalService
SamSs
Schedule
SebWindowsServiceWCF
SecurityHealthService
SEMgrSvc
SENS
SgrmBroker
ShellHWDetection
Spooler
SSDPSRV
SstpSvc
StateRepository
stisvc
StorSvc
SysMain
SystemEventsBroker
TabletInputService
TeamViewer
Themes
TimeBrokerSvc
TokenBroker
TrkWks
UserManager
UsoSvc
VaultSvc
VMAuthdService
VMnetDHCP
VMUSBArbService
VMware NAT Service
VMwareHostd
WavesSysSvc
WbioSrvc
Wcmsvc
WdiServiceHost
WdiSystemHost
WdNisSvc
WebClient
WinDefend
WinHttpAutoProxySvc
Winmgmt
WlanSvc
WMIRegistrationService
WpnService
wscsvc
WSearch
wuauserv
AarSvc_391a524
CaptureService_391a524
cbdhsvc_391a524
CDPUserSvc_391a524
OneSyncSvc_391a524
PimIndexMaintenanceSvc_391a524
UnistoreSvc_391a524
UserDataSvc_391a524
WpnUserService_391a524
2022/03/28 16:41:51
AnyDesk
Appinfo
AppXSvc
AtherosSvc
AudioEndpointBuilder
Audiosrv
BFE
BrokerInfrastructure
BthAvctpSvc
camsvc
CDPSvc
ClickToRunSvc
CoreMessagingRegistrar
cplspcon
CryptSvc
DcomLaunch
DeviceAssociationService
Dhcp
DiagTrack
DispBrokerDesktopSvc
DisplayEnhancementService
Dnscache
DoSvc
DPS
DsSvc
DusmSvc
esifsvc
EventLog
EventSystem
FontCache
gpsvc
hidserv
igccservice
igfxCUIService2.0.0.0
InstallService
iphlpsvc
jhi_service
KeyIso
LanmanServer
LanmanWorkstation
lfsvc
LicenseManager
lmhosts
LMS
LSM
mpssvc
MySQL80
NcbService
netprofm
NlaSvc
nsi
PcaSvc
PlugPlay
PolicyAgent
Power
ProfSvc
QcomWlanSrv
RasMan
RmSvc
RpcEptMapper
RpcSs
RtkAudioUniversalService
SamSs
Schedule
SebWindowsServiceWCF
SecurityHealthService
SEMgrSvc
SENS
SgrmBroker
ShellHWDetection
Spooler
SSDPSRV
SstpSvc
StateRepository
stisvc
StorSvc
SysMain
SystemEventsBroker
TabletInputService
TeamViewer
Themes
TimeBrokerSvc
TokenBroker
TrkWks
UserManager
UsoSvc
VaultSvc
VMAuthdService
VMnetDHCP
VMUSBArbService
VMware NAT Service
VMwareHostd
WavesSysSvc
WbioSrvc
Wcmsvc
WdiServiceHost
WdiSystemHost
WdNisSvc
WebClient
WinDefend
WinHttpAutoProxySvc
Winmgmt
WlanSvc
WMIRegistrationService
WpnService
wscsvc
WSearch
wuauserv
AarSvc_391a524
CaptureService_391a524
cbdhsvc_391a524
CDPUserSvc_391a524
OneSyncSvc_391a524
PimIndexMaintenanceSvc_391a524
UnistoreSvc_391a524
UserDataSvc_391a524
WpnUserService_391a524
2022/03/28 16:42:02
AnyDesk
Appinfo
AppXSvc
AtherosSvc
AudioEndpointBuilder
Audiosrv
BFE
BrokerInfrastructure
BthAvctpSvc
camsvc
CDPSvc
ClickToRunSvc
CoreMessagingRegistrar
cplspcon
CryptSvc
DcomLaunch
DeviceAssociationService
Dhcp
DiagTrack
DispBrokerDesktopSvc
DisplayEnhancementService
Dnscache
DoSvc
DPS
DsSvc
DusmSvc
esifsvc
EventLog
EventSystem
FontCache
gpsvc
hidserv
igccservice
igfxCUIService2.0.0.0
InstallService
iphlpsvc
jhi_service
KeyIso
LanmanServer
LanmanWorkstation
lfsvc
LicenseManager
lmhosts
LMS
LSM
mpssvc
MySQL80
NcbService
netprofm
NlaSvc
nsi
PcaSvc
PlugPlay
PolicyAgent
Power
ProfSvc
QcomWlanSrv
RasMan
RmSvc
RpcEptMapper
RpcSs
RtkAudioUniversalService
SamSs
Schedule
SebWindowsServiceWCF
SecurityHealthService
SEMgrSvc
SENS
SgrmBroker
ShellHWDetection
Spooler
SSDPSRV
SstpSvc
StateRepository
stisvc
StorSvc
SysMain
SystemEventsBroker
TabletInputService
TeamViewer
Themes
TimeBrokerSvc
TokenBroker
TrkWks
UserManager
UsoSvc
VaultSvc
VMAuthdService
VMnetDHCP
VMUSBArbService
VMware NAT Service
VMwareHostd
WavesSysSvc
WbioSrvc
Wcmsvc
WdiServiceHost
WdiSystemHost
WdNisSvc
WebClient
WinDefend
WinHttpAutoProxySvc
Winmgmt
WlanSvc
WMIRegistrationService
WpnService
wscsvc
WSearch
wuauserv
AarSvc_391a524
CaptureService_391a524
cbdhsvc_391a524
CDPUserSvc_391a524
OneSyncSvc_391a524
PimIndexMaintenanceSvc_391a524
UnistoreSvc_391a524
UserDataSvc_391a524
WpnUserService_391a524
2022/03/28 16:42:13
AnyDesk
Appinfo
AppXSvc
AtherosSvc
AudioEndpointBuilder
Audiosrv
BFE
BrokerInfrastructure
BthAvctpSvc
camsvc
CDPSvc
ClickToRunSvc
CoreMessagingRegistrar
cplspcon
CryptSvc
DcomLaunch
DeviceAssociationService
Dhcp
DiagTrack
DispBrokerDesktopSvc
DisplayEnhancementService
Dnscache
DoSvc
DPS
DsSvc
DusmSvc
esifsvc
EventLog
EventSystem
FontCache
gpsvc
hidserv
igccservice
igfxCUIService2.0.0.0
InstallService
iphlpsvc
jhi_service
KeyIso
LanmanServer
LanmanWorkstation
lfsvc
LicenseManager
lmhosts
LMS
LSM
mpssvc
MySQL80
NcbService
netprofm
NlaSvc
nsi
PcaSvc
PlugPlay
PolicyAgent
Power
ProfSvc
QcomWlanSrv
RasMan
RmSvc
RpcEptMapper
RpcSs
RtkAudioUniversalService
SamSs
Schedule
SebWindowsServiceWCF
SecurityHealthService
SEMgrSvc
SENS
SgrmBroker
ShellHWDetection
Spooler
SSDPSRV
SstpSvc
StateRepository
stisvc
StorSvc
SysMain
SystemEventsBroker
TabletInputService
TeamViewer
Themes
TimeBrokerSvc
TokenBroker
TrkWks
UserManager
UsoSvc
VaultSvc
VMAuthdService
VMnetDHCP
VMUSBArbService
VMware NAT Service
VMwareHostd
WavesSysSvc
WbioSrvc
Wcmsvc
WdiServiceHost
WdiSystemHost
WdNisSvc
WebClient
WinDefend
WinHttpAutoProxySvc
Winmgmt
WlanSvc
WMIRegistrationService
WpnService
wscsvc
WSearch
wuauserv
AarSvc_391a524
CaptureService_391a524
cbdhsvc_391a524
CDPUserSvc_391a524
OneSyncSvc_391a524
PimIndexMaintenanceSvc_391a524
UnistoreSvc_391a524
UserDataSvc_391a524
WpnUserService_391a524
2022/03/28 16:42:24
AnyDesk
Appinfo
AppXSvc
AtherosSvc
AudioEndpointBuilder
Audiosrv
BFE
BrokerInfrastructure
BthAvctpSvc
camsvc
CDPSvc
ClickToRunSvc
CoreMessagingRegistrar
cplspcon
CryptSvc
DcomLaunch
DeviceAssociationService
Dhcp
DiagTrack
DispBrokerDesktopSvc
DisplayEnhancementService
Dnscache
DoSvc
DPS
DsSvc
DusmSvc
esifsvc
EventLog
EventSystem
FontCache
gpsvc
hidserv
igccservice
igfxCUIService2.0.0.0
InstallService
iphlpsvc
jhi_service
KeyIso
LanmanServer
LanmanWorkstation
lfsvc
LicenseManager
lmhosts
LMS
LSM
mpssvc
MySQL80
NcbService
netprofm
NlaSvc
nsi
PcaSvc
PlugPlay
PolicyAgent
Power
ProfSvc
QcomWlanSrv
RasMan
RmSvc
RpcEptMapper
RpcSs
RtkAudioUniversalService
SamSs
Schedule
SebWindowsServiceWCF
SecurityHealthService
SEMgrSvc
SENS
SgrmBroker
ShellHWDetection
Spooler
SSDPSRV
SstpSvc
StateRepository
stisvc
StorSvc
SysMain
SystemEventsBroker
TabletInputService
TeamViewer
Themes
TimeBrokerSvc
TokenBroker
TrkWks
UserManager
UsoSvc
VaultSvc
VMAuthdService
VMnetDHCP
VMUSBArbService
VMware NAT Service
VMwareHostd
WavesSysSvc
WbioSrvc
Wcmsvc
WdiServiceHost
WdiSystemHost
WdNisSvc
WebClient
WinDefend
WinHttpAutoProxySvc
Winmgmt
WlanSvc
WMIRegistrationService
WpnService
wscsvc
WSearch
wuauserv
AarSvc_391a524
CaptureService_391a524
cbdhsvc_391a524
CDPUserSvc_391a524
OneSyncSvc_391a524
PimIndexMaintenanceSvc_391a524
UnistoreSvc_391a524
UserDataSvc_391a524
WpnUserService_391a524
2022/03/28 16:42:35
AnyDesk
Appinfo
AppXSvc
AtherosSvc
AudioEndpointBuilder
Audiosrv
BFE
BrokerInfrastructure
BthAvctpSvc
camsvc
CDPSvc
ClickToRunSvc
CoreMessagingRegistrar
cplspcon
CryptSvc
DcomLaunch
DeviceAssociationService
Dhcp
DiagTrack
DispBrokerDesktopSvc
DisplayEnhancementService
Dnscache
DoSvc
DPS
DsSvc
DusmSvc
esifsvc
EventLog
EventSystem
FontCache
gpsvc
hidserv
igccservice
igfxCUIService2.0.0.0
InstallService
iphlpsvc
jhi_service
KeyIso
LanmanServer
LanmanWorkstation
lfsvc
LicenseManager
lmhosts
LMS
LSM
mpssvc
MySQL80
NcbService
netprofm
NlaSvc
nsi
PcaSvc
PlugPlay
PolicyAgent
Power
ProfSvc
QcomWlanSrv
RasMan
RmSvc
RpcEptMapper
RpcSs
RtkAudioUniversalService
SamSs
Schedule
SebWindowsServiceWCF
SecurityHealthService
SEMgrSvc
SENS
SgrmBroker
ShellHWDetection
Spooler
SSDPSRV
SstpSvc
StateRepository
stisvc
StorSvc
SysMain
SystemEventsBroker
TabletInputService
TeamViewer
Themes
TimeBrokerSvc
TokenBroker
TrkWks
UserManager
UsoSvc
VaultSvc
VMAuthdService
VMnetDHCP
VMUSBArbService
VMware NAT Service
VMwareHostd
WavesSysSvc
WbioSrvc
Wcmsvc
WdiServiceHost
WdiSystemHost
WdNisSvc
WebClient
WinDefend
WinHttpAutoProxySvc
Winmgmt
WlanSvc
WMIRegistrationService
WpnService
wscsvc
WSearch
wuauserv
AarSvc_391a524
CaptureService_391a524
cbdhsvc_391a524
CDPUserSvc_391a524
OneSyncSvc_391a524
PimIndexMaintenanceSvc_391a524
UnistoreSvc_391a524
UserDataSvc_391a524
WpnUserService_391a524
2022/03/28 16:42:46
AnyDesk
Appinfo
AppXSvc
AtherosSvc
AudioEndpointBuilder
Audiosrv
BFE
BrokerInfrastructure
BthAvctpSvc
camsvc
CDPSvc
ClickToRunSvc
CoreMessagingRegistrar
cplspcon
CryptSvc
DcomLaunch
DeviceAssociationService
Dhcp
DiagTrack
DispBrokerDesktopSvc
DisplayEnhancementService
Dnscache
DoSvc
DPS
DsSvc
DusmSvc
esifsvc
EventLog
EventSystem
FontCache
gpsvc
hidserv
igccservice
igfxCUIService2.0.0.0
InstallService
iphlpsvc
jhi_service
KeyIso
LanmanServer
LanmanWorkstation
lfsvc
LicenseManager
lmhosts
LMS
LSM
mpssvc
MySQL80
NcbService
netprofm
NlaSvc
nsi
PcaSvc
PlugPlay
PolicyAgent
Power
ProfSvc
QcomWlanSrv
RasMan
RmSvc
RpcEptMapper
RpcSs
RtkAudioUniversalService
SamSs
Schedule
SebWindowsServiceWCF
SecurityHealthService
SEMgrSvc
SENS
SgrmBroker
ShellHWDetection
Spooler
SSDPSRV
SstpSvc
StateRepository
stisvc
StorSvc
SysMain
SystemEventsBroker
TabletInputService
TeamViewer
Themes
TimeBrokerSvc
TokenBroker
TrkWks
UserManager
UsoSvc
VaultSvc
VMAuthdService
VMnetDHCP
VMUSBArbService
VMware NAT Service
VMwareHostd
WavesSysSvc
WbioSrvc
Wcmsvc
WdiServiceHost
WdiSystemHost
WdNisSvc
WebClient
WinDefend
WinHttpAutoProxySvc
Winmgmt
WlanSvc
WMIRegistrationService
WpnService
wscsvc
WSearch
wuauserv
AarSvc_391a524
CaptureService_391a524
cbdhsvc_391a524
CDPUserSvc_391a524
OneSyncSvc_391a524
PimIndexMaintenanceSvc_391a524
UnistoreSvc_391a524
UserDataSvc_391a524
WpnUserService_391a524
2022/03/28 16:42:57
AnyDesk
Appinfo
AppXSvc
AtherosSvc
AudioEndpointBuilder
Audiosrv
BFE
BrokerInfrastructure
BthAvctpSvc
camsvc
CDPSvc
ClickToRunSvc
CoreMessagingRegistrar
cplspcon
CryptSvc
DcomLaunch
DeviceAssociationService
Dhcp
DiagTrack
DispBrokerDesktopSvc
DisplayEnhancementService
Dnscache
DoSvc
DPS
DsSvc
DusmSvc
esifsvc
EventLog
EventSystem
FontCache
gpsvc
hidserv
igccservice
igfxCUIService2.0.0.0
InstallService
iphlpsvc
jhi_service
KeyIso
LanmanServer
LanmanWorkstation
lfsvc
LicenseManager
lmhosts
LMS
LSM
mpssvc
MySQL80
NcbService
netprofm
NlaSvc
nsi
PcaSvc
PlugPlay
PolicyAgent
Power
ProfSvc
QcomWlanSrv
RasMan
RmSvc
RpcEptMapper
RpcSs
RtkAudioUniversalService
SamSs
Schedule
SebWindowsServiceWCF
SecurityHealthService
SEMgrSvc
SENS
SgrmBroker
ShellHWDetection
Spooler
SSDPSRV
SstpSvc
StateRepository
stisvc
StorSvc
SysMain
SystemEventsBroker
TabletInputService
TeamViewer
Themes
TimeBrokerSvc
TokenBroker
TrkWks
UserManager
UsoSvc
VaultSvc
VMAuthdService
VMnetDHCP
VMUSBArbService
VMware NAT Service
VMwareHostd
WavesSysSvc
WbioSrvc
Wcmsvc
WdiServiceHost
WdiSystemHost
WdNisSvc
WebClient
WinDefend
WinHttpAutoProxySvc
Winmgmt
WlanSvc
WMIRegistrationService
WpnService
wscsvc
WSearch
wuauserv
AarSvc_391a524
CaptureService_391a524
cbdhsvc_391a524
CDPUserSvc_391a524
OneSyncSvc_391a524
PimIndexMaintenanceSvc_391a524
UnistoreSvc_391a524
UserDataSvc_391a524
WpnUserService_391a524
2022/03/28 16:43:07
AnyDesk
Appinfo
AppXSvc
AtherosSvc
AudioEndpointBuilder
Audiosrv
BFE
BrokerInfrastructure
BthAvctpSvc
camsvc
CDPSvc
ClickToRunSvc
CoreMessagingRegistrar
cplspcon
CryptSvc
DcomLaunch
DeviceAssociationService
Dhcp
DiagTrack
DispBrokerDesktopSvc
DisplayEnhancementService
Dnscache
DoSvc
DPS
DsSvc
DusmSvc
esifsvc
EventLog
EventSystem
FontCache
gpsvc
hidserv
igccservice
igfxCUIService2.0.0.0
InstallService
iphlpsvc
jhi_service
KeyIso
LanmanServer
LanmanWorkstation
lfsvc
LicenseManager
lmhosts
LMS
LSM
mpssvc
MySQL80
NcbService
netprofm
NlaSvc
nsi
PcaSvc
PlugPlay
PolicyAgent
Power
ProfSvc
QcomWlanSrv
RasMan
RmSvc
RpcEptMapper
RpcSs
RtkAudioUniversalService
SamSs
Schedule
SebWindowsServiceWCF
SecurityHealthService
SEMgrSvc
SENS
SgrmBroker
ShellHWDetection
Spooler
SSDPSRV
SstpSvc
StateRepository
stisvc
StorSvc
SysMain
SystemEventsBroker
TabletInputService
TeamViewer
Themes
TimeBrokerSvc
TokenBroker
TrkWks
UserManager
UsoSvc
VaultSvc
VMAuthdService
VMnetDHCP
VMUSBArbService
VMware NAT Service
VMwareHostd
WavesSysSvc
WbioSrvc
Wcmsvc
WdiServiceHost
WdiSystemHost
WdNisSvc
WebClient
WinDefend
WinHttpAutoProxySvc
Winmgmt
WlanSvc
WMIRegistrationService
WpnService
wscsvc
WSearch
wuauserv
AarSvc_391a524
CaptureService_391a524
cbdhsvc_391a524
CDPUserSvc_391a524
OneSyncSvc_391a524
PimIndexMaintenanceSvc_391a524
UnistoreSvc_391a524
UserDataSvc_391a524
WpnUserService_391a524
2022/03/28 16:43:18
AnyDesk
Appinfo
AppXSvc
AtherosSvc
AudioEndpointBuilder
Audiosrv
BFE
BrokerInfrastructure
BthAvctpSvc
camsvc
CDPSvc
ClickToRunSvc
CoreMessagingRegistrar
cplspcon
CryptSvc
DcomLaunch
DeviceAssociationService
Dhcp
DiagTrack
DispBrokerDesktopSvc
DisplayEnhancementService
Dnscache
DoSvc
DPS
DsSvc
DusmSvc
esifsvc
EventLog
EventSystem
FontCache
gpsvc
hidserv
igccservice
igfxCUIService2.0.0.0
InstallService
iphlpsvc
jhi_service
KeyIso
LanmanServer
LanmanWorkstation
lfsvc
LicenseManager
lmhosts
LMS
LSM
mpssvc
MySQL80
NcbService
netprofm
NlaSvc
nsi
PcaSvc
PlugPlay
PolicyAgent
Power
ProfSvc
QcomWlanSrv
RasMan
RmSvc
RpcEptMapper
RpcSs
RtkAudioUniversalService
SamSs
Schedule
SebWindowsServiceWCF
SecurityHealthService
SEMgrSvc
SENS
SgrmBroker
ShellHWDetection
Spooler
SSDPSRV
SstpSvc
StateRepository
stisvc
StorSvc
SysMain
SystemEventsBroker
TabletInputService
TeamViewer
Themes
TimeBrokerSvc
TokenBroker
TrkWks
UserManager
UsoSvc
VaultSvc
VMAuthdService
VMnetDHCP
VMUSBArbService
VMware NAT Service
VMwareHostd
WavesSysSvc
WbioSrvc
Wcmsvc
WdiServiceHost
WdiSystemHost
WdNisSvc
WebClient
WinDefend
WinHttpAutoProxySvc
Winmgmt
WlanSvc
WMIRegistrationService
WpnService
wscsvc
WSearch
wuauserv
AarSvc_391a524
CaptureService_391a524
cbdhsvc_391a524
CDPUserSvc_391a524
OneSyncSvc_391a524
PimIndexMaintenanceSvc_391a524
UnistoreSvc_391a524
UserDataSvc_391a524
WpnUserService_391a524
2022/03/28 16:43:29
AnyDesk
Appinfo
AppXSvc
AtherosSvc
AudioEndpointBuilder
Audiosrv
BFE
BrokerInfrastructure
BthAvctpSvc
camsvc
CDPSvc
ClickToRunSvc
CoreMessagingRegistrar
cplspcon
CryptSvc
DcomLaunch
DeviceAssociationService
Dhcp
DiagTrack
DispBrokerDesktopSvc
DisplayEnhancementService
Dnscache
DoSvc
DPS
DsSvc
DusmSvc
esifsvc
EventLog
EventSystem
FontCache
gpsvc
hidserv
igccservice
igfxCUIService2.0.0.0
InstallService
iphlpsvc
jhi_service
KeyIso
LanmanServer
LanmanWorkstation
lfsvc
LicenseManager
lmhosts
LMS
LSM
mpssvc
MySQL80
NcbService
netprofm
NlaSvc
nsi
PcaSvc
PlugPlay
PolicyAgent
Power
ProfSvc
QcomWlanSrv
RasMan
RmSvc
RpcEptMapper
RpcSs
RtkAudioUniversalService
SamSs
Schedule
SebWindowsServiceWCF
SecurityHealthService
SEMgrSvc
SENS
SgrmBroker
ShellHWDetection
Spooler
SSDPSRV
SstpSvc
StateRepository
stisvc
StorSvc
SysMain
SystemEventsBroker
TabletInputService
TeamViewer
Themes
TimeBrokerSvc
TokenBroker
TrkWks
UserManager
UsoSvc
VaultSvc
VMAuthdService
VMnetDHCP
VMUSBArbService
VMware NAT Service
VMwareHostd
WavesSysSvc
WbioSrvc
Wcmsvc
WdiServiceHost
WdiSystemHost
WdNisSvc
WebClient
WinDefend
WinHttpAutoProxySvc
Winmgmt
WlanSvc
WMIRegistrationService
WpnService
wscsvc
WSearch
wuauserv
AarSvc_391a524
CaptureService_391a524
cbdhsvc_391a524
CDPUserSvc_391a524
OneSyncSvc_391a524
PimIndexMaintenanceSvc_391a524
UnistoreSvc_391a524
UserDataSvc_391a524
WpnUserService_391a524
2022/03/28 16:43:40
AnyDesk
Appinfo
AppXSvc
AtherosSvc
AudioEndpointBuilder
Audiosrv
BFE
BrokerInfrastructure
BthAvctpSvc
camsvc
CDPSvc
ClickToRunSvc
CoreMessagingRegistrar
cplspcon
CryptSvc
DcomLaunch
DeviceAssociationService
Dhcp
DiagTrack
DispBrokerDesktopSvc
DisplayEnhancementService
Dnscache
DoSvc
DPS
DsSvc
DusmSvc
esifsvc
EventLog
EventSystem
FontCache
gpsvc
hidserv
igccservice
igfxCUIService2.0.0.0
InstallService
iphlpsvc
jhi_service
KeyIso
LanmanServer
LanmanWorkstation
lfsvc
LicenseManager
lmhosts
LMS
LSM
mpssvc
MySQL80
NcbService
netprofm
NlaSvc
nsi
PcaSvc
PlugPlay
PolicyAgent
Power
ProfSvc
QcomWlanSrv
RasMan
RmSvc
RpcEptMapper
RpcSs
RtkAudioUniversalService
SamSs
Schedule
SebWindowsServiceWCF
SecurityHealthService
SEMgrSvc
SENS
SgrmBroker
ShellHWDetection
Spooler
SSDPSRV
SstpSvc
StateRepository
stisvc
StorSvc
SysMain
SystemEventsBroker
TabletInputService
TeamViewer
Themes
TimeBrokerSvc
TokenBroker
TrkWks
UserManager
UsoSvc
VaultSvc
VMAuthdService
VMnetDHCP
VMUSBArbService
VMware NAT Service
VMwareHostd
WavesSysSvc
WbioSrvc
Wcmsvc
WdiServiceHost
WdiSystemHost
WdNisSvc
WebClient
WinDefend
WinHttpAutoProxySvc
Winmgmt
WlanSvc
WMIRegistrationService
WpnService
wscsvc
WSearch
wuauserv
AarSvc_391a524
CaptureService_391a524
cbdhsvc_391a524
CDPUserSvc_391a524
OneSyncSvc_391a524
PimIndexMaintenanceSvc_391a524
UnistoreSvc_391a524
UserDataSvc_391a524
WpnUserService_391a524
